<?xml version="1.0" encoding="UTF-8"?>
<testsuite xmlns:xsi="http://www.w3.org/2001/XMLSchema-instance" xsi:noNamespaceSchemaLocation="https://maven.apache.org/surefire/maven-surefire-plugin/xsd/surefire-test-report-3.0.xsd" version="3.0" name="com.pro.api.util.DateUtilTest" time="0.122" tests="4" errors="0" skipped="0" failures="0">
  <properties>
[...]
</properties>
  <testcase name="convertToTimeZoneStringTestAmerica" classname="com.pro.api.util.DateUtilTest" time="0.073">
    <system-out><![CDATA[01-22-2015 05:15:55 AM
]]></system-out>
  </testcase>
  <testcase name="convertToTimeZoneStringTestForEurope" classname="com.pro.api.util.DateUtilTest" time="0.003">
    <system-out><![CDATA[01-22-2015 02:15:55 AM
]]></system-out>
  </testcase>
  <testcase name="convertToTimeZoneStringTestForUTC" classname="com.pro.api.util.DateUtilTest" time="0.002">
    <system-out><![CDATA[01-22-2015 02:15:55 AM
]]></system-out>
  </testcase>
  <testcase name="convertToTimeZoneStringTest" classname="com.pro.api.util.DateUtilTest" time="0.001">
    <system-out><![CDATA[01-21-2015 09:15:55 PM
]]></system-out>
  </testcase>
</testsuite>